# JRE version: OpenJDK Runtime Environment (10.0.2+13) (build 10.0.2+13-Ubuntu-1ubuntu0.18.04.1)
# Java VM: OpenJDK 64-Bit Server VM (10.0.2+13-Ubuntu-1ubuntu0.18.04.1, mixed mode, tiered, compressed oops, g1 gc, linux-amd64)
Heap:
 garbage-first heap   total 620544K, used 26184K [0x00000000b0c00000, 0x0000000100000000)
  region size 1024K, 5 young (5120K), 5 survivors (5120K)
 Metaspace       used 6182K, capacity 6326K, committed 6528K, reserved 1056768K
  class space    used 493K, capacity 515K, committed 640K, reserved 1048576K
GC Heap History (10 events):
Event: 1.116 GC heap after
{Heap after GC invocations=8 (full 0):
 garbage-first heap   total 135168K, used 8766K [0x00000000b0c00000, 0x0000000100000000)
  region size 1024K, 3 young (3072K), 3 survivors (3072K)
 Metaspace       used 6152K, capacity 6262K, committed 6528K, reserved 1056768K
  class space    used 493K, capacity 515K, committed 640K, reserved 1048576K
}
Event: 1.193 GC heap before
{Heap before GC invocations=8 (full 0):
 garbage-first heap   total 135168K, used 89662K [0x00000000b0c00000, 0x0000000100000000)
  region size 1024K, 79 young (80896K), 3 survivors (3072K)
 Metaspace       used 6157K, capacity 6262K, committed 6528K, reserved 1056768K
  class space    used 493K, capacity 515K, committed 640K, reserved 1048576K
}
Event: 1.231 GC heap after
{Heap after GC invocations=9 (full 0):
 garbage-first heap   total 301056K, used 12156K [0x00000000b0c00000, 0x0000000100000000)
  region size 1024K, 3 young (3072K), 3 survivors (3072K)
 Metaspace       used 6157K, capacity 6262K, committed 6528K, reserved 1056768K
  class space    used 493K, capacity 515K, committed 640K, reserved 1048576K
}
Event: 1.340 GC heap before
{Heap before GC invocations=9 (full 0):
 garbage-first heap   total 301056K, used 105340K [0x00000000b0c00000, 0x0000000100000000)
  region size 1024K, 94 young (96256K), 3 survivors (3072K)
 Metaspace       used 6160K, capacity 6262K, committed 6528K, reserved 1056768K
  class space    used 493K, capacity 515K, committed 640K, reserved 1048576K
}
Event: 1.357 GC heap after
{Heap after GC invocations=10 (full 0):
 garbage-first heap   total 301056K, used 12681K [0x00000000b0c00000, 0x0000000100000000)
  region size 1024K, 4 young (4096K), 4 survivors (4096K)
 Metaspace       used 6160K, capacity 6262K, committed 6528K, reserved 1056768K
  class space    used 493K, capacity 515K, committed 640K, reserved 1048576K
}
Event: 1.467 GC heap before
{Heap before GC invocations=10 (full 0):
 garbage-first heap   total 301056K, used 136585K [0x00000000b0c00000, 0x0000000100000000)
  region size 1024K, 120 young (122880K), 4 survivors (4096K)
 Metaspace       used 6169K, capacity 6262K, committed 6528K, reserved 1056768K
  class space    used 493K, capacity 515K, committed 640K, reserved 1048576K
}
Event: 1.513 GC heap after
{Heap after GC invocations=11 (full 0):
 garbage-first heap   total 301056K, used 18338K [0x00000000b0c00000, 0x0000000100000000)
  region size 1024K, 4 young (4096K), 4 survivors (4096K)
 Metaspace       used 6169K, capacity 6262K, committed 6528K, reserved 1056768K
  class space    used 493K, capacity 515K, committed 640K, reserved 1048576K
}
Event: 1.630 GC heap before
{Heap before GC invocations=11 (full 0):
 garbage-first heap   total 301056K, used 153506K [0x00000000b0c00000, 0x0000000100000000)
  region size 1024K, 136 young (139264K), 4 survivors (4096K)
 Metaspace       used 6169K, capacity 6262K, committed 6528K, reserved 1056768K
  class space    used 493K, capacity 515K, committed 640K, reserved 1048576K
}
Event: 1.649 GC heap after
{Heap after GC invocations=12 (full 0):
 garbage-first heap   total 301056K, used 18961K [0x00000000b0c00000, 0x0000000100000000)
  region size 1024K, 5 young (5120K), 5 survivors (5120K)
 Metaspace       used 6169K, capacity 6262K, committed 6528K, reserved 1056768K
  class space    used 493K, capacity 515K, committed 640K, reserved 1048576K
}
Event: 1.807 GC heap before
{Heap before GC invocations=12 (full 0):
 garbage-first heap   total 301056K, used 187921K [0x00000000b0c00000, 0x0000000100000000)
  region size 1024K, 163 young (166912K), 5 survivors (5120K)
 Metaspace       used 6182K, capacity 6326K, committed 6528K, reserved 1056768K
  class space    used 493K, capacity 515K, committed 640K, reserved 1048576K
}

